<?xml version="1.0" encoding="UTF-8"?>
<!-- Generated by org.testng.reporters.JUnitXMLReporter -->
<testsuite ignored="0" hostname="Zaid" failures="0" tests="18" name="Default test" time="134.385" errors="0" timestamp="2023-05-22T19:26:33 EET">
  <testcase classname="AlMosafer_2_Class" name="Check22_Default_Language_Is_English22" time="0.022"/>
  <testcase classname="AlMosafer_2_Class" name="Check_Default_Language_Is_English" time="0.053"/>
  <testcase classname="AlMosafer_2_Class" name="Check_Qitaf_Logo" time="0.268"/>
  <testcase classname="AlMosafer_2_Class" name="Check_The_ContactNumber" time="0.029"/>
  <testcase classname="AlMosafer_2_Class" name="Check_The_Currency" time="0.207"/>
  <testcase classname="AlMosafer_2_Class" name="Check_The_Title" time="0.01"/>
  <testcase classname="AlMosafer_2_Class" name="FlightDepartureDate" time="0.062"/>
  <testcase classname="AlMosafer_2_Class" name="FlightIstChecked" time="0.109"/>
  <testcase classname="AlMosafer_2_Class" name="FlightReturnDate" time="0.032"/>
  <testcase classname="AlMosafer_2_Class" name="checktherandomlanguagekk" time="1.368"/>
  <testcase classname="AlMosafer_2_Class" name="AdddirectionCities" time="42.84"/>
  <testcase classname="AlMosafer_2_Class" name="AdddirectionCities" time="44.248"/>
  <testcase classname="AlMosafer_2_Class" name="AdddirectionCities" time="11.568"/>
  <testcase classname="AlMosafer_2_Class" name="AdddirectionCities" time="29.616"/>
  <testcase classname="AlMosafer_2_Class" name="RoomSelection" time="0.308"/>
  <testcase classname="AlMosafer_2_Class" name="RoomSelection" time="0.2"/>
  <testcase classname="AlMosafer_2_Class" name="RoomSelection" time="0.113"/>
  <testcase classname="AlMosafer_2_Class" name="RoomSelection" time="0.197"/>
</testsuite> <!-- Default test -->
